<?xml version="1.0" encoding="UTF-8"?>
<!-- Generated by org.testng.reporters.JUnitReportReporter -->
<testsuite hostname="Sony-PC" failures="0" tests="1" name="Selenium.MavenProject.AppiumTest" time="0.006" errors="0" timestamp="2021-06-06T19:47:35 IST" skipped="0">
  <testcase classname="Selenium.MavenProject.AppiumTest" name="appium" time="0.006"/>
  <system-out/>
</testsuite> <!-- Selenium.MavenProject.AppiumTest -->
