<?xml version="1.0" encoding="UTF-8"?>
<!-- Generated by org.testng.reporters.JUnitReportReporter -->
<testsuite hostname="Sony-PC" failures="0" tests="1" name="Selenium.MavenProject.RestAPITest" time="0.001" errors="0" timestamp="2021-06-06T19:47:35 IST" skipped="0">
  <testcase classname="Selenium.MavenProject.RestAPITest" name="restAPI" time="0.001"/>
  <system-out/>
</testsuite> <!-- Selenium.MavenProject.RestAPITest -->
